c:\repositories\gameslibrary\pacman\wingame\x64\debug\vc143.pdb
c:\repositories\gameslibrary\pacman\wingame\x64\debug\vc143.idb
c:\repositories\gameslibrary\pacman\wingame\x64\debug\window.obj
c:\repositories\gameslibrary\pacman\wingame\x64\debug\timer.obj
c:\repositories\gameslibrary\pacman\wingame\x64\debug\tileset.obj
c:\repositories\gameslibrary\pacman\wingame\x64\debug\texture.obj
c:\repositories\gameslibrary\pacman\wingame\x64\debug\sprite.obj
c:\repositories\gameslibrary\pacman\wingame\x64\debug\sound.obj
c:\repositories\gameslibrary\pacman\wingame\x64\debug\scene.obj
c:\repositories\gameslibrary\pacman\wingame\x64\debug\renderer.obj
c:\repositories\gameslibrary\pacman\wingame\x64\debug\object.obj
c:\repositories\gameslibrary\pacman\wingame\x64\debug\main.obj
c:\repositories\gameslibrary\pacman\wingame\x64\debug\image.obj
c:\repositories\gameslibrary\pacman\wingame\x64\debug\home.obj
c:\repositories\gameslibrary\pacman\wingame\x64\debug\graphics.obj
c:\repositories\gameslibrary\pacman\wingame\x64\debug\geometry.obj
c:\repositories\gameslibrary\pacman\wingame\x64\debug\game.obj
c:\repositories\gameslibrary\pacman\wingame\x64\debug\font.obj
c:\repositories\gameslibrary\pacman\wingame\x64\debug\engine.obj
c:\repositories\gameslibrary\pacman\wingame\x64\debug\audio.obj
c:\repositories\gameslibrary\pacman\wingame\x64\debug\arena.obj
c:\repositories\gameslibrary\pacman\wingame\x64\debug\animation.obj
c:\repositories\gameslibrary\pacman\wingame\shaders\pixel.cso
c:\repositories\gameslibrary\pacman\wingame\shaders\vertex.cso
c:\repositories\gameslibrary\pacman\x64\debug\pacman.exe
c:\repositories\gameslibrary\pacman\wingame\x64\debug\pacman.ilk
c:\repositories\gameslibrary\pacman\x64\debug\pacman.pdb
c:\repositories\gameslibrary\pacman\wingame\x64\debug\resources.res
c:\repositories\gameslibrary\pacman\wingame\x64\debug\pacman.tlog\cl.command.1.tlog
c:\repositories\gameslibrary\pacman\wingame\x64\debug\pacman.tlog\cl.read.1.tlog
c:\repositories\gameslibrary\pacman\wingame\x64\debug\pacman.tlog\cl.write.1.tlog
c:\repositories\gameslibrary\pacman\wingame\x64\debug\pacman.tlog\fxc.command.1.tlog
c:\repositories\gameslibrary\pacman\wingame\x64\debug\pacman.tlog\fxc.read.1.tlog
c:\repositories\gameslibrary\pacman\wingame\x64\debug\pacman.tlog\fxc.write.1.tlog
c:\repositories\gameslibrary\pacman\wingame\x64\debug\pacman.tlog\link.command.1.tlog
c:\repositories\gameslibrary\pacman\wingame\x64\debug\pacman.tlog\link.read.1.tlog
c:\repositories\gameslibrary\pacman\wingame\x64\debug\pacman.tlog\link.write.1.tlog
c:\repositories\gameslibrary\pacman\wingame\x64\debug\pacman.tlog\rc.command.1.tlog
c:\repositories\gameslibrary\pacman\wingame\x64\debug\pacman.tlog\rc.read.1.tlog
c:\repositories\gameslibrary\pacman\wingame\x64\debug\pacman.tlog\rc.write.1.tlog
