c:\repositories\wingame\wingame\x64\debug\vc143.pdb
c:\repositories\wingame\wingame\x64\debug\vc143.idb
c:\repositories\wingame\wingame\x64\debug\timer.obj
c:\repositories\wingame\wingame\x64\debug\tileset.obj
c:\repositories\wingame\wingame\x64\debug\texture.obj
c:\repositories\wingame\wingame\x64\debug\sprite.obj
c:\repositories\wingame\wingame\x64\debug\sound.obj
c:\repositories\wingame\wingame\x64\debug\scene.obj
c:\repositories\wingame\wingame\x64\debug\renderer.obj
c:\repositories\wingame\wingame\x64\debug\pop.obj
c:\repositories\wingame\wingame\x64\debug\object.obj
c:\repositories\wingame\wingame\x64\debug\image.obj
c:\repositories\wingame\wingame\x64\debug\graphics.obj
c:\repositories\wingame\wingame\x64\debug\geometry.obj
c:\repositories\wingame\wingame\x64\debug\game.obj
c:\repositories\wingame\wingame\x64\debug\font.obj
c:\repositories\wingame\wingame\x64\debug\engine.obj
c:\repositories\wingame\wingame\x64\debug\click.obj
c:\repositories\wingame\wingame\x64\debug\ballons.obj
c:\repositories\wingame\wingame\x64\debug\ball.obj
c:\repositories\wingame\wingame\x64\debug\audio.obj
c:\repositories\wingame\wingame\x64\debug\animation.obj
c:\repositories\wingame\wingame\x64\debug\window.obj
c:\repositories\wingame\wingame\x64\debug\trials.obj
c:\repositories\wingame\wingame\x64\debug\mouse.obj
c:\repositories\wingame\wingame\x64\debug\item.obj
c:\repositories\wingame\wingame\shaders\pixel.cso
c:\repositories\wingame\wingame\shaders\vertex.cso
c:\repositories\wingame\x64\debug\wingame.exe
c:\repositories\wingame\wingame\x64\debug\wingame.ilk
c:\repositories\wingame\x64\debug\wingame.pdb
c:\repositories\wingame\wingame\x64\debug\resources.res
c:\repositories\wingame\wingame\x64\debug\wingame.tlog\cl.command.1.tlog
c:\repositories\wingame\wingame\x64\debug\wingame.tlog\cl.read.1.tlog
c:\repositories\wingame\wingame\x64\debug\wingame.tlog\cl.write.1.tlog
c:\repositories\wingame\wingame\x64\debug\wingame.tlog\fxc.command.1.tlog
c:\repositories\wingame\wingame\x64\debug\wingame.tlog\fxc.read.1.tlog
c:\repositories\wingame\wingame\x64\debug\wingame.tlog\fxc.write.1.tlog
c:\repositories\wingame\wingame\x64\debug\wingame.tlog\link.command.1.tlog
c:\repositories\wingame\wingame\x64\debug\wingame.tlog\link.read.1.tlog
c:\repositories\wingame\wingame\x64\debug\wingame.tlog\link.write.1.tlog
c:\repositories\wingame\wingame\x64\debug\wingame.tlog\rc.command.1.tlog
c:\repositories\wingame\wingame\x64\debug\wingame.tlog\rc.read.1.tlog
c:\repositories\wingame\wingame\x64\debug\wingame.tlog\rc.write.1.tlog
